<html>
<head>
<title>TestNG:  smoketest</title>
<link href="../testng.css" rel="stylesheet" type="text/css" />
<link href="../my-testng.css" rel="stylesheet" type="text/css" />

<style type="text/css">
.log { display: none;} 
.stack-trace { display: none;} 
</style>
<script type="text/javascript">
<!--
function flip(e) {
  current = e.style.display;
  if (current == 'block') {
    e.style.display = 'none';
    return 0;
  }
  else {
    e.style.display = 'block';
    return 1;
  }
}

function toggleBox(szDivId, elem, msg1, msg2)
{
  var res = -1;  if (document.getElementById) {
    res = flip(document.getElementById(szDivId));
  }
  else if (document.all) {
    // this is the way old msie versions work
    res = flip(document.all[szDivId]);
  }
  if(elem) {
    if(res == 0) elem.innerHTML = msg1; else elem.innerHTML = msg2;
  }

}

function toggleAllBoxes() {
  if (document.getElementsByTagName) {
    d = document.getElementsByTagName('div');
    for (i = 0; i < d.length; i++) {
      if (d[i].className == 'log') {
        flip(d[i]);
      }
    }
  }
}

// -->
</script>

</head>
<body>
<h2 align='center'>smoketest</h2><table border='1' align="center">
<tr>
<td>Tests passed/Failed/Skipped:</td><td>23/2/2</td>
</tr><tr>
<td>Started on:</td><td>Mon Nov 20 15:06:21 CET 2017</td>
</tr>
<tr><td>Total time:</td><td>107 seconds (107812 ms)</td>
</tr><tr>
<td>Included groups:</td><td></td>
</tr><tr>
<td>Excluded groups:</td><td></td>
</tr>
</table><p/>
<small><i>(Hover the method name to see the test class name)</i></small><p/>
<table width='100%' border='1' class='invocation-failed'>
<tr><td colspan='4' align='center'><b>FAILED TESTS</b></td></tr>
<tr><td><b>Test method</b></td>
<td width="30%"><b>Exception</b></td>
<td width="10%"><b>Time (seconds)</b></td>
<td><b>Instance</b></td>
</tr>
<tr>
<td title='smokeTest.AlertsTest.testAlertsTabInputAlert()'><b>testAlertsTabInputAlert</b><br>Test class: smokeTest.AlertsTest</td>
<td><div><pre>java.lang.AssertionError: expected [true] but found [false]
	at smokeTest.AlertsTest.testAlertsTabInputAlert(AlertsTest.java:64)
	at org.apache.maven.surefire.testng.TestNGExecutor.run(TestNGExecutor.java:281)
	at org.apache.maven.surefire.testng.TestNGXmlTestSuite.execute(TestNGXmlTestSuite.java:75)
	at org.apache.maven.surefire.testng.TestNGProvider.invoke(TestNGProvider.java:121)
	at org.apache.maven.surefire.booter.ForkedBooter.invokeProviderInSameClassLoader(ForkedBooter.java:290)
	at org.apache.maven.surefire.booter.ForkedBooter.runSuitesInProcess(ForkedBooter.java:242)
	at org.apache.maven.surefire.booter.ForkedBooter.main(ForkedBooter.java:121)
... Removed 25 stack frames</pre></div><a href='#' onClick='toggleBox("stack-trace1766869737", this, "Click to show all stack frames", "Click to hide stack frames")'>Click to show all stack frames</a>
<div class='stack-trace' id='stack-trace1766869737'><pre>java.lang.AssertionError: expected [true] but found [false]
	at org.testng.Assert.fail(Assert.java:94)
	at org.testng.Assert.failNotEquals(Assert.java:494)
	at org.testng.Assert.assertTrue(Assert.java:42)
	at org.testng.Assert.assertTrue(Assert.java:52)
	at smokeTest.AlertsTest.testAlertsTabInputAlert(AlertsTest.java:64)
	at sun.reflect.NativeMethodAccessorImpl.invoke0(Native Method)
	at sun.reflect.NativeMethodAccessorImpl.invoke(NativeMethodAccessorImpl.java:62)
	at sun.reflect.DelegatingMethodAccessorImpl.invoke(DelegatingMethodAccessorImpl.java:43)
	at java.lang.reflect.Method.invoke(Method.java:498)
	at org.testng.internal.MethodInvocationHelper.invokeMethod(MethodInvocationHelper.java:80)
	at org.testng.internal.Invoker.invokeMethod(Invoker.java:714)
	at org.testng.internal.Invoker.invokeTestMethod(Invoker.java:901)
	at org.testng.internal.Invoker.invokeTestMethods(Invoker.java:1231)
	at org.testng.internal.TestMethodWorker.invokeTestMethods(TestMethodWorker.java:127)
	at org.testng.internal.TestMethodWorker.run(TestMethodWorker.java:111)
	at org.testng.TestRunner.privateRun(TestRunner.java:767)
	at org.testng.TestRunner.run(TestRunner.java:617)
	at org.testng.SuiteRunner.runTest(SuiteRunner.java:334)
	at org.testng.SuiteRunner.runSequentially(SuiteRunner.java:329)
	at org.testng.SuiteRunner.privateRun(SuiteRunner.java:291)
	at org.testng.SuiteRunner.run(SuiteRunner.java:240)
	at org.testng.SuiteRunnerWorker.runSuite(SuiteRunnerWorker.java:52)
	at org.testng.SuiteRunnerWorker.run(SuiteRunnerWorker.java:86)
	at org.testng.TestNG.runSuitesSequentially(TestNG.java:1198)
	at org.testng.TestNG.runSuitesLocally(TestNG.java:1123)
	at org.testng.TestNG.run(TestNG.java:1031)
	at org.apache.maven.surefire.testng.TestNGExecutor.run(TestNGExecutor.java:281)
	at org.apache.maven.surefire.testng.TestNGXmlTestSuite.execute(TestNGXmlTestSuite.java:75)
	at org.apache.maven.surefire.testng.TestNGProvider.invoke(TestNGProvider.java:121)
	at org.apache.maven.surefire.booter.ForkedBooter.invokeProviderInSameClassLoader(ForkedBooter.java:290)
	at org.apache.maven.surefire.booter.ForkedBooter.runSuitesInProcess(ForkedBooter.java:242)
	at org.apache.maven.surefire.booter.ForkedBooter.main(ForkedBooter.java:121)
</pre></div></td>
<td>0</td>
<td>smokeTest.AlertsTest@6b2fad11</td></tr>
<tr>
<td title='smokeTest.DatepickerTest.testShowDatePicker()'><b>testShowDatePicker</b><br>Test class: smokeTest.DatepickerTest</td>
<td><div><pre>java.lang.AssertionError: Date Picker not visible expected [true] but found [false]
	at smokeTest.DatepickerTest.testShowDatePicker(DatepickerTest.java:89)
	at org.apache.maven.surefire.testng.TestNGExecutor.run(TestNGExecutor.java:281)
	at org.apache.maven.surefire.testng.TestNGXmlTestSuite.execute(TestNGXmlTestSuite.java:75)
	at org.apache.maven.surefire.testng.TestNGProvider.invoke(TestNGProvider.java:121)
	at org.apache.maven.surefire.booter.ForkedBooter.invokeProviderInSameClassLoader(ForkedBooter.java:290)
	at org.apache.maven.surefire.booter.ForkedBooter.runSuitesInProcess(ForkedBooter.java:242)
	at org.apache.maven.surefire.booter.ForkedBooter.main(ForkedBooter.java:121)
... Removed 24 stack frames</pre></div><a href='#' onClick='toggleBox("stack-trace1896232624", this, "Click to show all stack frames", "Click to hide stack frames")'>Click to show all stack frames</a>
<div class='stack-trace' id='stack-trace1896232624'><pre>java.lang.AssertionError: Date Picker not visible expected [true] but found [false]
	at org.testng.Assert.fail(Assert.java:94)
	at org.testng.Assert.failNotEquals(Assert.java:494)
	at org.testng.Assert.assertTrue(Assert.java:42)
	at smokeTest.DatepickerTest.testShowDatePicker(DatepickerTest.java:89)
	at sun.reflect.NativeMethodAccessorImpl.invoke0(Native Method)
	at sun.reflect.NativeMethodAccessorImpl.invoke(NativeMethodAccessorImpl.java:62)
	at sun.reflect.DelegatingMethodAccessorImpl.invoke(DelegatingMethodAccessorImpl.java:43)
	at java.lang.reflect.Method.invoke(Method.java:498)
	at org.testng.internal.MethodInvocationHelper.invokeMethod(MethodInvocationHelper.java:80)
	at org.testng.internal.Invoker.invokeMethod(Invoker.java:714)
	at org.testng.internal.Invoker.invokeTestMethod(Invoker.java:901)
	at org.testng.internal.Invoker.invokeTestMethods(Invoker.java:1231)
	at org.testng.internal.TestMethodWorker.invokeTestMethods(TestMethodWorker.java:127)
	at org.testng.internal.TestMethodWorker.run(TestMethodWorker.java:111)
	at org.testng.TestRunner.privateRun(TestRunner.java:767)
	at org.testng.TestRunner.run(TestRunner.java:617)
	at org.testng.SuiteRunner.runTest(SuiteRunner.java:334)
	at org.testng.SuiteRunner.runSequentially(SuiteRunner.java:329)
	at org.testng.SuiteRunner.privateRun(SuiteRunner.java:291)
	at org.testng.SuiteRunner.run(SuiteRunner.java:240)
	at org.testng.SuiteRunnerWorker.runSuite(SuiteRunnerWorker.java:52)
	at org.testng.SuiteRunnerWorker.run(SuiteRunnerWorker.java:86)
	at org.testng.TestNG.runSuitesSequentially(TestNG.java:1198)
	at org.testng.TestNG.runSuitesLocally(TestNG.java:1123)
	at org.testng.TestNG.run(TestNG.java:1031)
	at org.apache.maven.surefire.testng.TestNGExecutor.run(TestNGExecutor.java:281)
	at org.apache.maven.surefire.testng.TestNGXmlTestSuite.execute(TestNGXmlTestSuite.java:75)
	at org.apache.maven.surefire.testng.TestNGProvider.invoke(TestNGProvider.java:121)
	at org.apache.maven.surefire.booter.ForkedBooter.invokeProviderInSameClassLoader(ForkedBooter.java:290)
	at org.apache.maven.surefire.booter.ForkedBooter.runSuitesInProcess(ForkedBooter.java:242)
	at org.apache.maven.surefire.booter.ForkedBooter.main(ForkedBooter.java:121)
</pre></div></td>
<td>0</td>
<td>smokeTest.DatepickerTest@73f792cf</td></tr>
</table><p>
<table width='100%' border='1' class='invocation-passed'>
<tr><td colspan='4' align='center'><b>PASSED TESTS</b></td></tr>
<tr><td><b>Test method</b></td>
<td width="30%"><b>Exception</b></td>
<td width="10%"><b>Time (seconds)</b></td>
<td><b>Instance</b></td>
</tr>
<tr>
<td title='smokeTest.AlertsTest.testAlertsAcceptAlert()'><b>testAlertsAcceptAlert</b><br>Test class: smokeTest.AlertsTest</td>
<td></td>
<td>0</td>
<td>smokeTest.AlertsTest@6b2fad11</td></tr>
<tr>
<td title='smokeTest.AlertsTest.testAlertsShowFirstAlert()'><b>testAlertsShowFirstAlert</b><br>Test class: smokeTest.AlertsTest</td>
<td></td>
<td>0</td>
<td>smokeTest.AlertsTest@6b2fad11</td></tr>
<tr>
<td title='smokeTest.DroppableTest.testDroppable()'><b>testDroppable</b><br>Test class: smokeTest.DroppableTest</td>
<td></td>
<td>0</td>
<td>smokeTest.DroppableTest@79b4d0f</td></tr>
<tr>
<td title='smokeTest.DatepickerTest.testFillDatePicker()'><b>testFillDatePicker</b><br>Test class: smokeTest.DatepickerTest</td>
<td></td>
<td>30</td>
<td>smokeTest.DatepickerTest@73f792cf</td></tr>
<tr>
<td title='smokeTest.FillInLoginTest.testFillInLogin()'><b>testFillInLogin</b><br>Test class: smokeTest.FillInLoginTest</td>
<td></td>
<td>0</td>
<td>smokeTest.FillInLoginTest@79698539</td></tr>
<tr>
<td title='smokeTest.OpenLoginPopupTest.testOpenLoginPopup()'><b>testOpenLoginPopup</b><br>Test class: smokeTest.OpenLoginPopupTest</td>
<td></td>
<td>0</td>
<td>smokeTest.OpenLoginPopupTest@3fb6a447</td></tr>
<tr>
<td title='smokeTest.DatepickerTest.testSelTabAnimations()'><b>testSelTabAnimations</b><br>Test class: smokeTest.DatepickerTest</td>
<td></td>
<td>0</td>
<td>smokeTest.DatepickerTest@73f792cf</td></tr>
<tr>
<td title='smokeTest.DatepickerTest.testSelTabFormatDate()'><b>testSelTabFormatDate</b><br>Test class: smokeTest.DatepickerTest</td>
<td></td>
<td>0</td>
<td>smokeTest.DatepickerTest@73f792cf</td></tr>
<tr>
<td title='smokeTest.SelectAlertsTest.testSelectAlerts()'><b>testSelectAlerts</b><br>Test class: smokeTest.SelectAlertsTest</td>
<td></td>
<td>0</td>
<td>smokeTest.SelectAlertsTest@3796751b</td></tr>
<tr>
<td title='smokeTest.SelectDatepickerTest.testSelectDatepicker()'><b>testSelectDatepicker</b><br>Test class: smokeTest.SelectDatepickerTest</td>
<td></td>
<td>2</td>
<td>smokeTest.SelectDatepickerTest@380fb434</td></tr>
<tr>
<td title='smokeTest.SelectDroppableTest.testSelectDroppable()'><b>testSelectDroppable</b><br>Test class: smokeTest.SelectDroppableTest</td>
<td></td>
<td>1</td>
<td>smokeTest.SelectDroppableTest@3cda1055</td></tr>
<tr>
<td title='smokeTest.SelectSliderTest.testSelectDroppable()'><b>testSelectDroppable</b><br>Test class: smokeTest.SelectSliderTest</td>
<td></td>
<td>0</td>
<td>smokeTest.SelectSliderTest@38082d64</td></tr>
<tr>
<td title='smokeTest.SelectSelectableTest.testSelectSelectable()'><b>testSelectSelectable</b><br>Test class: smokeTest.SelectSelectableTest</td>
<td></td>
<td>0</td>
<td>smokeTest.SelectSelectableTest@7a5d012c</td></tr>
<tr>
<td title='smokeTest.SelectableTest.testSelectableDisplayAsGrid()'><b>testSelectableDisplayAsGrid</b><br>Test class: smokeTest.SelectableTest</td>
<td></td>
<td>0</td>
<td>smokeTest.SelectableTest@2ed94a8b</td></tr>
<tr>
<td title='smokeTest.SelectableTest.testSelectableFirstIteration()'><b>testSelectableFirstIteration</b><br>Test class: smokeTest.SelectableTest</td>
<td></td>
<td>2</td>
<td>smokeTest.SelectableTest@2ed94a8b</td></tr>
<tr>
<td title='smokeTest.SelectableTest.testSelectableSecondIteration()'><b>testSelectableSecondIteration</b><br>Test class: smokeTest.SelectableTest</td>
<td></td>
<td>3</td>
<td>smokeTest.SelectableTest@2ed94a8b</td></tr>
<tr>
<td title='smokeTest.SelectableTest.testSelectableTabSerialize()'><b>testSelectableTabSerialize</b><br>Test class: smokeTest.SelectableTest</td>
<td></td>
<td>0</td>
<td>smokeTest.SelectableTest@2ed94a8b</td></tr>
<tr>
<td title='smokeTest.SelectableTest.testSelectableThirdIterator()'><b>testSelectableThirdIterator</b><br>Test class: smokeTest.SelectableTest</td>
<td></td>
<td>1</td>
<td>smokeTest.SelectableTest@2ed94a8b</td></tr>
<tr>
<td title='smokeTest.SliderTest.testSlider()'><b>testSlider</b><br>Test class: smokeTest.SliderTest</td>
<td></td>
<td>0</td>
<td>smokeTest.SliderTest@668bc3d5</td></tr>
<tr>
<td title='smokeTest.DatepickerTest.testTabAnimationsCommands()'><b>testTabAnimationsCommands</b><br>Test class: smokeTest.DatepickerTest</td>
<td></td>
<td>30</td>
<td>smokeTest.DatepickerTest@73f792cf</td></tr>
<tr>
<td title='smokeTest.DatepickerTest.testTabDisplayMonthAndYear()'><b>testTabDisplayMonthAndYear</b><br>Test class: smokeTest.DatepickerTest</td>
<td></td>
<td>0</td>
<td>smokeTest.DatepickerTest@73f792cf</td></tr>
<tr>
<td title='smokeTest.DatepickerTest.testTabDisplayMonthAndYearCommands()'><b>testTabDisplayMonthAndYearCommands</b><br>Test class: smokeTest.DatepickerTest</td>
<td></td>
<td>30</td>
<td>smokeTest.DatepickerTest@73f792cf</td></tr>
<tr>
<td title='smokeTest.DatepickerTest.testTabFormatDateCommands()'><b>testTabFormatDateCommands</b><br>Test class: smokeTest.DatepickerTest</td>
<td></td>
<td>0</td>
<td>smokeTest.DatepickerTest@73f792cf</td></tr>
</table><p>
<table width='100%' border='1' class='invocation-skipped'>
<tr><td colspan='4' align='center'><b>SKIPPED TESTS</b></td></tr>
<tr><td><b>Test method</b></td>
<td width="30%"><b>Exception</b></td>
<td width="10%"><b>Time (seconds)</b></td>
<td><b>Instance</b></td>
</tr>
<tr>
<td title='smokeTest.AlertsTest.testAlertsInsertText()'><b>testAlertsInsertText</b><br>Test class: smokeTest.AlertsTest</td>
<td></td>
<td>0</td>
<td>null</td></tr>
<tr>
<td title='smokeTest.AlertsTest.testAlertsShowSecondAlert()'><b>testAlertsShowSecondAlert</b><br>Test class: smokeTest.AlertsTest</td>
<td></td>
<td>0</td>
<td>null</td></tr>
</table><p>
</body>
</html>