<?xml version="1.0" encoding="UTF-8"?>
<!-- Generated by org.testng.reporters.JUnitXMLReporter -->
<testsuite hostname="Siradjs-MacBook-Pro.local" name="smoketest" tests="27" failures="2" timestamp="20 Nov 2017 14:08:14 GMT" time="107.812" errors="0">
  <testcase name="testOpenLoginPopup" time="0.184" classname="smokeTest.OpenLoginPopupTest"/>
  <testcase name="testFillInLogin" time="0.398" classname="smokeTest.FillInLoginTest"/>
  <testcase name="testSelectDatepicker" time="2.378" classname="smokeTest.SelectDatepickerTest"/>
  <testcase name="testFillDatePicker" time="30.37" classname="smokeTest.DatepickerTest"/>
  <testcase name="testSelTabAnimations" time="0.128" classname="smokeTest.DatepickerTest"/>
  <testcase name="testTabAnimationsCommands" time="30.533" classname="smokeTest.DatepickerTest"/>
  <testcase name="testTabDisplayMonthAndYear" time="0.121" classname="smokeTest.DatepickerTest"/>
  <testcase name="testTabDisplayMonthAndYearCommands" time="30.183" classname="smokeTest.DatepickerTest"/>
  <testcase name="testSelTabFormatDate" time="0.121" classname="smokeTest.DatepickerTest"/>
  <testcase name="testTabFormatDateCommands" time="0.311" classname="smokeTest.DatepickerTest"/>
  <testcase name="testShowDatePicker" time="0.184" classname="smokeTest.DatepickerTest">
    <failure type="java.lang.AssertionError" message="Date Picker not visible expected [true] but found [false]">
      <![CDATA[java.lang.AssertionError: Date Picker not visible expected [true] but found [false]
	at smokeTest.DatepickerTest.testShowDatePicker(DatepickerTest.java:89)
	at org.apache.maven.surefire.testng.TestNGExecutor.run(TestNGExecutor.java:281)
	at org.apache.maven.surefire.testng.TestNGXmlTestSuite.execute(TestNGXmlTestSuite.java:75)
	at org.apache.maven.surefire.testng.TestNGProvider.invoke(TestNGProvider.java:121)
	at org.apache.maven.surefire.booter.ForkedBooter.invokeProviderInSameClassLoader(ForkedBooter.java:290)
	at org.apache.maven.surefire.booter.ForkedBooter.runSuitesInProcess(ForkedBooter.java:242)
	at org.apache.maven.surefire.booter.ForkedBooter.main(ForkedBooter.java:121)
... Removed 24 stack frames]]>
    </failure>
  </testcase> <!-- testShowDatePicker -->
  <testcase name="testSelectSelectable" time="0.795" classname="smokeTest.SelectSelectableTest"/>
  <testcase name="testSelectableFirstIteration" time="2.112" classname="smokeTest.SelectableTest"/>
  <testcase name="testSelectableDisplayAsGrid" time="0.095" classname="smokeTest.SelectableTest"/>
  <testcase name="testSelectableSecondIteration" time="3.552" classname="smokeTest.SelectableTest"/>
  <testcase name="testSelectableTabSerialize" time="0.098" classname="smokeTest.SelectableTest"/>
  <testcase name="testSelectableThirdIterator" time="1.841" classname="smokeTest.SelectableTest"/>
  <testcase name="testSelectAlerts" time="0.451" classname="smokeTest.SelectAlertsTest"/>
  <testcase name="testAlertsShowFirstAlert" time="0.369" classname="smokeTest.AlertsTest"/>
  <testcase name="testAlertsAcceptAlert" time="0.184" classname="smokeTest.AlertsTest"/>
  <testcase name="testAlertsTabInputAlert" time="0.114" classname="smokeTest.AlertsTest">
    <failure type="java.lang.AssertionError" message="expected [true] but found [false]">
      <![CDATA[java.lang.AssertionError: expected [true] but found [false]
	at smokeTest.AlertsTest.testAlertsTabInputAlert(AlertsTest.java:64)
	at org.apache.maven.surefire.testng.TestNGExecutor.run(TestNGExecutor.java:281)
	at org.apache.maven.surefire.testng.TestNGXmlTestSuite.execute(TestNGXmlTestSuite.java:75)
	at org.apache.maven.surefire.testng.TestNGProvider.invoke(TestNGProvider.java:121)
	at org.apache.maven.surefire.booter.ForkedBooter.invokeProviderInSameClassLoader(ForkedBooter.java:290)
	at org.apache.maven.surefire.booter.ForkedBooter.runSuitesInProcess(ForkedBooter.java:242)
	at org.apache.maven.surefire.booter.ForkedBooter.main(ForkedBooter.java:121)
... Removed 25 stack frames]]>
    </failure>
  </testcase> <!-- testAlertsTabInputAlert -->
  <testcase name="testAlertsShowSecondAlert" time="0.0" classname="smokeTest.AlertsTest">
    <skipped/>
  </testcase> <!-- testAlertsShowSecondAlert -->
  <testcase name="testAlertsInsertText" time="0.0" classname="smokeTest.AlertsTest">
    <skipped/>
  </testcase> <!-- testAlertsInsertText -->
  <testcase name="testSelectDroppable" time="1.836" classname="smokeTest.SelectDroppableTest"/>
  <testcase name="testDroppable" time="0.387" classname="smokeTest.DroppableTest"/>
  <testcase name="testSelectDroppable" time="0.665" classname="smokeTest.SelectSliderTest"/>
  <testcase name="testSlider" time="0.329" classname="smokeTest.SliderTest"/>
</testsuite> <!-- smoketest -->
